app/build/intermediates/manifest_merge_blame_file/debug/manifest-merger-blame-debug-report.txt
1<?xml version="1.0" encoding="utf-8"?>
2<manifest xmlns:android="http://schemas.android.com/apk/res/android"
3    package="com.example.demoapplication"
4    android:versionCode="1"
5    android:versionName="1.0" >
6
7    <uses-sdk
8        android:minSdkVersion="21"
8-->src\main\AndroidManifest.xml
9        android:targetSdkVersion="32" />
9-->src\main\AndroidManifest.xml
10
11    <uses-permission android:name="android.permission.ACCESS_COARSE_LOCATION" />
11-->src\main\AndroidManifest.xml:5:5-81
11-->src\main\AndroidManifest.xml:5:22-78
12    <uses-permission android:name="android.permission.ACCESS_FINE_LOCATION" />
12-->src\main\AndroidManifest.xml:6:5-79
12-->src\main\AndroidManifest.xml:6:22-76
13    <uses-permission android:name="android.permission.ACCESS_NETWORK_STATE" />
13-->src\main\AndroidManifest.xml:7:5-79
13-->src\main\AndroidManifest.xml:7:22-76
14    <uses-permission android:name="android.permission.INTERNET" />
14-->src\main\AndroidManifest.xml:8:5-66
14-->src\main\AndroidManifest.xml:8:22-64
15
16    <application
16-->src\main\AndroidManifest.xml:9:5-26:19
17        android:name="com.example.demoapplication.service.MyApplication"
17-->src\main\AndroidManifest.xml:10:9-46
18        android:allowBackup="true"
18-->src\main\AndroidManifest.xml:11:9-35
19        android:appComponentFactory="androidx.core.app.CoreComponentFactory"
19-->[androidx.core:core:1.7.0] AndroidManifest.xml:24:18-86
20        android:debuggable="true"
21        android:icon="@mipmap/ic_launcher"
21-->src\main\AndroidManifest.xml:12:9-43
22        android:label="@string/app_name"
22-->src\main\AndroidManifest.xml:13:9-41
23        android:roundIcon="@mipmap/ic_launcher_round"
23-->src\main\AndroidManifest.xml:14:9-54
24        android:supportsRtl="true"
24-->src\main\AndroidManifest.xml:15:9-35
25        android:testOnly="true"
26        android:theme="@style/AppTheme" >
26-->src\main\AndroidManifest.xml:16:9-40
27        <activity
27-->src\main\AndroidManifest.xml:17:9-25:20
28            android:name="com.example.demoapplication.ui.main.activity.MainActivity"
28-->src\main\AndroidManifest.xml:18:13-58
29            android:exported="true" >
29-->src\main\AndroidManifest.xml:19:13-36
30            <intent-filter>
30-->src\main\AndroidManifest.xml:20:13-24:29
31                <action android:name="android.intent.action.MAIN" />
31-->src\main\AndroidManifest.xml:21:17-69
31-->src\main\AndroidManifest.xml:21:25-66
32
33                <category android:name="android.intent.category.LAUNCHER" />
33-->src\main\AndroidManifest.xml:23:17-77
33-->src\main\AndroidManifest.xml:23:27-74
34            </intent-filter>
35        </activity>
36
37        <service
37-->[com.google.firebase:firebase-firestore-ktx:24.1.2] AndroidManifest.xml:12:9-18:19
38            android:name="com.google.firebase.components.ComponentDiscoveryService"
38-->[com.google.firebase:firebase-firestore-ktx:24.1.2] AndroidManifest.xml:13:13-84
39            android:directBootAware="true"
39-->[com.google.firebase:firebase-common:20.1.1] AndroidManifest.xml:35:13-43
40            android:exported="false" >
40-->[com.google.firebase:firebase-firestore-ktx:24.1.2] AndroidManifest.xml:14:13-37
41            <meta-data
41-->[com.google.firebase:firebase-firestore-ktx:24.1.2] AndroidManifest.xml:15:13-17:85
42                android:name="com.google.firebase.components:com.google.firebase.firestore.ktx.FirebaseFirestoreKtxRegistrar"
42-->[com.google.firebase:firebase-firestore-ktx:24.1.2] AndroidManifest.xml:16:17-126
43                android:value="com.google.firebase.components.ComponentRegistrar" />
43-->[com.google.firebase:firebase-firestore-ktx:24.1.2] AndroidManifest.xml:17:17-82
44            <meta-data
44-->[com.google.firebase:firebase-firestore:24.1.2] AndroidManifest.xml:20:13-22:85
45                android:name="com.google.firebase.components:com.google.firebase.firestore.FirestoreRegistrar"
45-->[com.google.firebase:firebase-firestore:24.1.2] AndroidManifest.xml:21:17-111
46                android:value="com.google.firebase.components.ComponentRegistrar" />
46-->[com.google.firebase:firebase-firestore:24.1.2] AndroidManifest.xml:22:17-82
47            <meta-data
47-->[com.google.firebase:firebase-common-ktx:20.1.1] AndroidManifest.xml:15:13-17:85
48                android:name="com.google.firebase.components:com.google.firebase.ktx.FirebaseCommonKtxRegistrar"
48-->[com.google.firebase:firebase-common-ktx:20.1.1] AndroidManifest.xml:16:17-113
49                android:value="com.google.firebase.components.ComponentRegistrar" />
49-->[com.google.firebase:firebase-common-ktx:20.1.1] AndroidManifest.xml:17:17-82
50        </service>
51
52        <uses-library
52-->[androidx.window:window:1.0.0] AndroidManifest.xml:25:9-27:40
53            android:name="androidx.window.extensions"
53-->[androidx.window:window:1.0.0] AndroidManifest.xml:26:13-54
54            android:required="false" />
54-->[androidx.window:window:1.0.0] AndroidManifest.xml:27:13-37
55        <uses-library
55-->[androidx.window:window:1.0.0] AndroidManifest.xml:28:9-30:40
56            android:name="androidx.window.sidecar"
56-->[androidx.window:window:1.0.0] AndroidManifest.xml:29:13-51
57            android:required="false" />
57-->[androidx.window:window:1.0.0] AndroidManifest.xml:30:13-37
58
59        <activity
59-->[com.google.android.gms:play-services-base:18.0.1] AndroidManifest.xml:20:9-22:45
60            android:name="com.google.android.gms.common.api.GoogleApiActivity"
60-->[com.google.android.gms:play-services-base:18.0.1] AndroidManifest.xml:20:19-85
61            android:exported="false"
61-->[com.google.android.gms:play-services-base:18.0.1] AndroidManifest.xml:22:19-43
62            android:theme="@android:style/Theme.Translucent.NoTitleBar" />
62-->[com.google.android.gms:play-services-base:18.0.1] AndroidManifest.xml:21:19-78
63
64        <provider
64-->[com.google.firebase:firebase-common:20.1.1] AndroidManifest.xml:26:9-31:39
65            android:name="com.google.firebase.provider.FirebaseInitProvider"
65-->[com.google.firebase:firebase-common:20.1.1] AndroidManifest.xml:27:13-77
66            android:authorities="com.example.demoapplication.firebaseinitprovider"
66-->[com.google.firebase:firebase-common:20.1.1] AndroidManifest.xml:28:13-72
67            android:directBootAware="true"
67-->[com.google.firebase:firebase-common:20.1.1] AndroidManifest.xml:29:13-43
68            android:exported="false"
68-->[com.google.firebase:firebase-common:20.1.1] AndroidManifest.xml:30:13-37
69            android:initOrder="100" />
69-->[com.google.firebase:firebase-common:20.1.1] AndroidManifest.xml:31:13-36
70
71        <meta-data
71-->[com.google.android.gms:play-services-basement:18.0.0] AndroidManifest.xml:21:9-23:69
72            android:name="com.google.android.gms.version"
72-->[com.google.android.gms:play-services-basement:18.0.0] AndroidManifest.xml:22:13-58
73            android:value="@integer/google_play_services_version" />
73-->[com.google.android.gms:play-services-basement:18.0.0] AndroidManifest.xml:23:13-66
74
75        <provider
75-->[androidx.emoji2:emoji2:1.0.0] AndroidManifest.xml:26:9-34:20
76            android:name="androidx.startup.InitializationProvider"
76-->[androidx.emoji2:emoji2:1.0.0] AndroidManifest.xml:27:13-67
77            android:authorities="com.example.demoapplication.androidx-startup"
77-->[androidx.emoji2:emoji2:1.0.0] AndroidManifest.xml:28:13-68
78            android:exported="false" >
78-->[androidx.emoji2:emoji2:1.0.0] AndroidManifest.xml:29:13-37
79            <meta-data
79-->[androidx.emoji2:emoji2:1.0.0] AndroidManifest.xml:31:13-33:52
80                android:name="androidx.emoji2.text.EmojiCompatInitializer"
80-->[androidx.emoji2:emoji2:1.0.0] AndroidManifest.xml:32:17-75
81                android:value="androidx.startup" />
81-->[androidx.emoji2:emoji2:1.0.0] AndroidManifest.xml:33:17-49
82            <meta-data
82-->[androidx.lifecycle:lifecycle-process:2.4.0] AndroidManifest.xml:31:13-33:52
83                android:name="androidx.lifecycle.ProcessLifecycleInitializer"
83-->[androidx.lifecycle:lifecycle-process:2.4.0] AndroidManifest.xml:32:17-78
84                android:value="androidx.startup" />
84-->[androidx.lifecycle:lifecycle-process:2.4.0] AndroidManifest.xml:33:17-49
85        </provider>
86    </application>
87
88</manifest>